<?xml version="1.0" encoding="UTF-8"?>
<!-- Generated by org.testng.reporters.JUnitXMLReporter -->
<testsuite ignored="3" hostname="Nitro5" failures="0" tests="3" name="Test2" time="6.791" errors="0" timestamp="2025-09-15T13:22:34 IST">
  <testcase classname="testscript.LoginTest" name="verifyLoginWithInvalidUsernameInvalidpassword" time="0.601"/>
  <testcase classname="testscript.LoginTest" name="verifyLoginWithInvalidUsernameInvalidpassword" time="0.575"/>
  <testcase classname="testscript.LoginTest" name="verifyLoginWithInvalidUsernameInvalidpassword" time="0.593"/>
  <testcase classname="testscript.LoginTest" name="verifyLoginWithValidCredentials" time="0.0">
    <ignored/>
  </testcase> <!-- verifyLoginWithValidCredentials -->
  <testcase classname="testscript.LoginTest" name="verifyLoginWithValidUsernameInvalidpassword" time="0.0">
    <ignored/>
  </testcase> <!-- verifyLoginWithValidUsernameInvalidpassword -->
  <testcase classname="testscript.LoginTest" name="verifyLoginWithInvalidUsernameValidpassword" time="0.0">
    <ignored/>
  </testcase> <!-- verifyLoginWithInvalidUsernameValidpassword -->
</testsuite> <!-- Test2 -->
