<?xml version="1.0" encoding="UTF-8"?>
<!-- Generated by org.testng.reporters.JUnitXMLReporter -->
<testsuite ignored="3" hostname="Nitro5" failures="0" tests="3" name="FirefoxTest" time="32.535" errors="0" timestamp="2025-09-15T13:36:02 IST">
  <testcase classname="testscript.LoginTest" name="verifyLoginWithInvalidUsernameInvalidpassword" time="1.066"/>
  <testcase classname="testscript.LoginTest" name="verifyLoginWithInvalidUsernameInvalidpassword" time="1.292"/>
  <testcase classname="testscript.LoginTest" name="verifyLoginWithInvalidUsernameInvalidpassword" time="0.772"/>
  <testcase classname="testscript.LoginTest" name="verifyLoginWithValidCredentials" time="0.0">
    <ignored/>
  </testcase> <!-- verifyLoginWithValidCredentials -->
  <testcase classname="testscript.LoginTest" name="verifyLoginWithValidUsernameInvalidpassword" time="0.0">
    <ignored/>
  </testcase> <!-- verifyLoginWithValidUsernameInvalidpassword -->
  <testcase classname="testscript.LoginTest" name="verifyLoginWithInvalidUsernameValidpassword" time="0.0">
    <ignored/>
  </testcase> <!-- verifyLoginWithInvalidUsernameValidpassword -->
</testsuite> <!-- FirefoxTest -->
