<?xml version="1.0" encoding="UTF-8"?>
<!-- Generated by org.testng.reporters.JUnitXMLReporter -->
<testsuite ignored="0" hostname="Nitro5" failures="0" tests="4" name="Test" time="16.188" errors="0" timestamp="2025-09-17T14:16:43 IST">
  <testcase classname="testscript.ManageNewsTest" name="verifyAddNews" time="2.925"/>
  <testcase classname="testscript.ManageNewsTest" name="verifyHome" time="1.561"/>
  <testcase classname="testscript.ManageNewsTest" name="verifySearchAndReset" time="1.824"/>
  <testcase classname="testscript.ManageNewsTest" name="verifySearchAndSearch" time="1.738"/>
</testsuite> <!-- Test -->
