<?xml version="1.0" encoding="UTF-8"?>
<testng-results ignored="0" total="4" passed="4" failed="0" skipped="0">
  <reporter-output>
  </reporter-output>
  <suite started-at="2025-09-04T10:00:45 IST" name="Default suite" finished-at="2025-09-04T10:01:00 IST" duration-ms="15076">
    <groups>
    </groups>
    <test started-at="2025-09-04T10:00:45 IST" name="Default test" finished-at="2025-09-04T10:01:00 IST" duration-ms="15076">
      <class name="testscript.LoginTest">
        <test-method is-config="true" signature="browserInitializer()[pri:0, instance:testscript.LoginTest@4c583ecf]" started-at="2025-09-04T10:00:45 IST" name="browserInitializer" finished-at="2025-09-04T10:00:48 IST" duration-ms="3380" status="PASS">
          <reporter-output>
          </reporter-output>
        </test-method> <!-- browserInitializer -->
        <test-method signature="verifyLoginWithValidCredentials()[pri:1, instance:testscript.LoginTest@4c583ecf]" started-at="2025-09-04T10:00:48 IST" name="verifyLoginWithValidCredentials" description="login with valid credentials" finished-at="2025-09-04T10:00:51 IST" duration-ms="2525" status="PASS">
          <reporter-output>
          </reporter-output>
        </test-method> <!-- verifyLoginWithValidCredentials -->
        <test-method is-config="true" signature="quitAndClose()[pri:0, instance:testscript.LoginTest@4c583ecf]" started-at="2025-09-04T10:00:51 IST" name="quitAndClose" finished-at="2025-09-04T10:00:51 IST" duration-ms="1" status="PASS">
          <reporter-output>
          </reporter-output>
        </test-method> <!-- quitAndClose -->
        <test-method is-config="true" signature="browserInitializer()[pri:0, instance:testscript.LoginTest@4c583ecf]" started-at="2025-09-04T10:00:51 IST" name="browserInitializer" finished-at="2025-09-04T10:00:53 IST" duration-ms="2219" status="PASS">
          <reporter-output>
          </reporter-output>
        </test-method> <!-- browserInitializer -->
        <test-method signature="verifyLoginWithValidUsernameInvalidpassword()[pri:2, instance:testscript.LoginTest@4c583ecf]" started-at="2025-09-04T10:00:53 IST" name="verifyLoginWithValidUsernameInvalidpassword" finished-at="2025-09-04T10:00:54 IST" duration-ms="1026" status="PASS">
          <reporter-output>
          </reporter-output>
        </test-method> <!-- verifyLoginWithValidUsernameInvalidpassword -->
        <test-method is-config="true" signature="quitAndClose()[pri:0, instance:testscript.LoginTest@4c583ecf]" started-at="2025-09-04T10:00:54 IST" name="quitAndClose" finished-at="2025-09-04T10:00:54 IST" duration-ms="0" status="PASS">
          <reporter-output>
          </reporter-output>
        </test-method> <!-- quitAndClose -->
        <test-method is-config="true" signature="browserInitializer()[pri:0, instance:testscript.LoginTest@4c583ecf]" started-at="2025-09-04T10:00:54 IST" name="browserInitializer" finished-at="2025-09-04T10:00:57 IST" duration-ms="2354" status="PASS">
          <reporter-output>
          </reporter-output>
        </test-method> <!-- browserInitializer -->
        <test-method signature="verifyLoginWithInvalidUsernameValidpassword()[pri:3, instance:testscript.LoginTest@4c583ecf]" started-at="2025-09-04T10:00:57 IST" name="verifyLoginWithInvalidUsernameValidpassword" finished-at="2025-09-04T10:00:57 IST" duration-ms="729" status="PASS">
          <reporter-output>
          </reporter-output>
        </test-method> <!-- verifyLoginWithInvalidUsernameValidpassword -->
        <test-method is-config="true" signature="quitAndClose()[pri:0, instance:testscript.LoginTest@4c583ecf]" started-at="2025-09-04T10:00:57 IST" name="quitAndClose" finished-at="2025-09-04T10:00:57 IST" duration-ms="4" status="PASS">
          <reporter-output>
          </reporter-output>
        </test-method> <!-- quitAndClose -->
        <test-method is-config="true" signature="browserInitializer()[pri:0, instance:testscript.LoginTest@4c583ecf]" started-at="2025-09-04T10:00:57 IST" name="browserInitializer" finished-at="2025-09-04T10:00:59 IST" duration-ms="2066" status="PASS">
          <reporter-output>
          </reporter-output>
        </test-method> <!-- browserInitializer -->
        <test-method signature="verifyLoginWithInvalidUsernameInvalidpassword()[pri:4, instance:testscript.LoginTest@4c583ecf]" started-at="2025-09-04T10:00:59 IST" name="verifyLoginWithInvalidUsernameInvalidpassword" finished-at="2025-09-04T10:01:00 IST" duration-ms="606" status="PASS">
          <reporter-output>
          </reporter-output>
        </test-method> <!-- verifyLoginWithInvalidUsernameInvalidpassword -->
        <test-method is-config="true" signature="quitAndClose()[pri:0, instance:testscript.LoginTest@4c583ecf]" started-at="2025-09-04T10:01:00 IST" name="quitAndClose" finished-at="2025-09-04T10:01:00 IST" duration-ms="2" status="PASS">
          <reporter-output>
          </reporter-output>
        </test-method> <!-- quitAndClose -->
      </class> <!-- testscript.LoginTest -->
    </test> <!-- Default test -->
  </suite> <!-- Default suite -->
</testng-results>
