<?xml version="1.0" encoding="UTF-8"?>
<testng-results ignored="0" total="4" passed="4" failed="0" skipped="0">
  <reporter-output>
  </reporter-output>
  <suite started-at="2025-09-17T14:16:26 IST" name="Suite" finished-at="2025-09-17T14:16:43 IST" duration-ms="16188">
    <groups>
    </groups>
    <test started-at="2025-09-17T14:16:26 IST" name="Test" finished-at="2025-09-17T14:16:43 IST" duration-ms="16188">
      <class name="testscript.ManageNewsTest">
        <test-method is-config="true" signature="browserInitializer(java.lang.String)[pri:0, instance:testscript.ManageNewsTest@6933b6c6]" started-at="2025-09-17T14:16:26 IST" name="browserInitializer" finished-at="2025-09-17T14:16:29 IST" duration-ms="2554" status="PASS">
          <params>
            <param index="0">
              <value>
                <![CDATA[chrome]]>
              </value>
            </param>
          </params>
          <reporter-output>
          </reporter-output>
        </test-method> <!-- browserInitializer -->
        <test-method signature="verifyAddNews()[pri:0, instance:testscript.ManageNewsTest@6933b6c6]" started-at="2025-09-17T14:16:29 IST" name="verifyAddNews" description="verify Add News" finished-at="2025-09-17T14:16:32 IST" duration-ms="2925" status="PASS">
          <reporter-output>
          </reporter-output>
        </test-method> <!-- verifyAddNews -->
        <test-method is-config="true" signature="driverQuit(org.testng.ITestResult)[pri:0, instance:testscript.ManageNewsTest@6933b6c6]" started-at="2025-09-17T14:16:32 IST" name="driverQuit" finished-at="2025-09-17T14:16:32 IST" duration-ms="293" status="PASS">
          <params>
            <param index="0">
              <value>
                <![CDATA[[TestResult name=verifyAddNews status=SUCCESS method=ManageNewsTest.verifyAddNews()[pri:0, instance:testscript.ManageNewsTest@6933b6c6] output={null}]]]>
              </value>
            </param>
          </params>
          <reporter-output>
          </reporter-output>
        </test-method> <!-- driverQuit -->
        <test-method is-config="true" signature="browserInitializer(java.lang.String)[pri:0, instance:testscript.ManageNewsTest@6933b6c6]" started-at="2025-09-17T14:16:32 IST" name="browserInitializer" finished-at="2025-09-17T14:16:34 IST" duration-ms="1424" status="PASS">
          <params>
            <param index="0">
              <value>
                <![CDATA[chrome]]>
              </value>
            </param>
          </params>
          <reporter-output>
          </reporter-output>
        </test-method> <!-- browserInitializer -->
        <test-method signature="verifyHome()[pri:0, instance:testscript.ManageNewsTest@6933b6c6]" started-at="2025-09-17T14:16:34 IST" name="verifyHome" description="verify Home Button" finished-at="2025-09-17T14:16:35 IST" duration-ms="1561" status="PASS">
          <reporter-output>
          </reporter-output>
        </test-method> <!-- verifyHome -->
        <test-method is-config="true" signature="driverQuit(org.testng.ITestResult)[pri:0, instance:testscript.ManageNewsTest@6933b6c6]" started-at="2025-09-17T14:16:35 IST" name="driverQuit" finished-at="2025-09-17T14:16:36 IST" duration-ms="260" status="PASS">
          <params>
            <param index="0">
              <value>
                <![CDATA[[TestResult name=verifyHome status=SUCCESS method=ManageNewsTest.verifyHome()[pri:0, instance:testscript.ManageNewsTest@6933b6c6] output={null}]]]>
              </value>
            </param>
          </params>
          <reporter-output>
          </reporter-output>
        </test-method> <!-- driverQuit -->
        <test-method is-config="true" signature="browserInitializer(java.lang.String)[pri:0, instance:testscript.ManageNewsTest@6933b6c6]" started-at="2025-09-17T14:16:36 IST" name="browserInitializer" finished-at="2025-09-17T14:16:37 IST" duration-ms="1428" status="PASS">
          <params>
            <param index="0">
              <value>
                <![CDATA[chrome]]>
              </value>
            </param>
          </params>
          <reporter-output>
          </reporter-output>
        </test-method> <!-- browserInitializer -->
        <test-method signature="verifySearchAndReset()[pri:0, instance:testscript.ManageNewsTest@6933b6c6]" started-at="2025-09-17T14:16:37 IST" name="verifySearchAndReset" description="Verify Reset button in Search" finished-at="2025-09-17T14:16:39 IST" duration-ms="1824" status="PASS">
          <reporter-output>
          </reporter-output>
        </test-method> <!-- verifySearchAndReset -->
        <test-method is-config="true" signature="driverQuit(org.testng.ITestResult)[pri:0, instance:testscript.ManageNewsTest@6933b6c6]" started-at="2025-09-17T14:16:39 IST" name="driverQuit" finished-at="2025-09-17T14:16:39 IST" duration-ms="244" status="PASS">
          <params>
            <param index="0">
              <value>
                <![CDATA[[TestResult name=verifySearchAndReset status=SUCCESS method=ManageNewsTest.verifySearchAndReset()[pri:0, instance:testscript.ManageNewsTest@6933b6c6] output={null}]]]>
              </value>
            </param>
          </params>
          <reporter-output>
          </reporter-output>
        </test-method> <!-- driverQuit -->
        <test-method is-config="true" signature="browserInitializer(java.lang.String)[pri:0, instance:testscript.ManageNewsTest@6933b6c6]" started-at="2025-09-17T14:16:39 IST" name="browserInitializer" finished-at="2025-09-17T14:16:41 IST" duration-ms="1589" status="PASS">
          <params>
            <param index="0">
              <value>
                <![CDATA[chrome]]>
              </value>
            </param>
          </params>
          <reporter-output>
          </reporter-output>
        </test-method> <!-- browserInitializer -->
        <test-method signature="verifySearchAndSearch()[pri:0, instance:testscript.ManageNewsTest@6933b6c6]" started-at="2025-09-17T14:16:41 IST" name="verifySearchAndSearch" description="Verify Search button in Search()" finished-at="2025-09-17T14:16:42 IST" duration-ms="1738" status="PASS">
          <reporter-output>
          </reporter-output>
        </test-method> <!-- verifySearchAndSearch -->
        <test-method is-config="true" signature="driverQuit(org.testng.ITestResult)[pri:0, instance:testscript.ManageNewsTest@6933b6c6]" started-at="2025-09-17T14:16:42 IST" name="driverQuit" finished-at="2025-09-17T14:16:43 IST" duration-ms="272" status="PASS">
          <params>
            <param index="0">
              <value>
                <![CDATA[[TestResult name=verifySearchAndSearch status=SUCCESS method=ManageNewsTest.verifySearchAndSearch()[pri:0, instance:testscript.ManageNewsTest@6933b6c6] output={null}]]]>
              </value>
            </param>
          </params>
          <reporter-output>
          </reporter-output>
        </test-method> <!-- driverQuit -->
      </class> <!-- testscript.ManageNewsTest -->
    </test> <!-- Test -->
  </suite> <!-- Suite -->
</testng-results>
