<?xml version="1.0" encoding="UTF-8"?>
<!-- Generated by org.testng.reporters.JUnitXMLReporter -->
<testsuite ignored="0" hostname="Nitro5" failures="0" tests="10" name="Default test" time="28.167" errors="0" timestamp="2025-09-09T11:59:43 IST">
  <testcase classname="testscript.ManageNewsTest" name="verifyAddNews" time="2.048"/>
  <testcase classname="testscript.ManageNewsTest" name="verifyHome" time="1.182"/>
  <testcase classname="testscript.ManageNewsTest" name="verifySearchAndReset" time="1.407"/>
  <testcase classname="testscript.ManageNewsTest" name="verifySearchAndSearch" time="1.266"/>
  <testcase classname="testscript.AdminTest" name="verifyAddUser" time="2.248"/>
  <testcase classname="testscript.HomeTest" name="verifyLogout" time="0.912"/>
  <testcase classname="testscript.LoginTest" name="verifyLoginWithValidCredentials" time="0.709"/>
  <testcase classname="testscript.LoginTest" name="verifyLoginWithValidUsernameInvalidpassword" time="0.46"/>
  <testcase classname="testscript.LoginTest" name="verifyLoginWithInvalidUsernameValidpassword" time="0.455"/>
  <testcase classname="testscript.LoginTest" name="verifyLoginWithInvalidUsernameInvalidpassword" time="0.796"/>
</testsuite> <!-- Default test -->
