<?xml version="1.0" encoding="UTF-8"?>
<!-- Generated by org.testng.reporters.JUnitXMLReporter -->
<testsuite ignored="0" hostname="Nitro5" failures="0" tests="10" name="Default test" time="41.072" errors="0" timestamp="2025-09-09T13:18:40 IST">
  <testcase classname="testscript.ManageNewsTest" name="verifyAddNews" time="3.891"/>
  <testcase classname="testscript.ManageNewsTest" name="verifyHome" time="2.021"/>
  <testcase classname="testscript.ManageNewsTest" name="verifySearchAndReset" time="2.678"/>
  <testcase classname="testscript.ManageNewsTest" name="verifySearchAndSearch" time="2.607"/>
  <testcase classname="testscript.AdminTest" name="verifyAddUser" time="3.349"/>
  <testcase classname="testscript.HomeTest" name="verifyLogout" time="1.497"/>
  <testcase classname="testscript.LoginTest" name="verifyLoginWithValidCredentials" time="0.827"/>
  <testcase classname="testscript.LoginTest" name="verifyLoginWithValidUsernameInvalidpassword" time="0.737"/>
  <testcase classname="testscript.LoginTest" name="verifyLoginWithInvalidUsernameValidpassword" time="0.68"/>
  <testcase classname="testscript.LoginTest" name="verifyLoginWithInvalidUsernameInvalidpassword" time="0.69"/>
</testsuite> <!-- Default test -->
